<?xml version="1.0" encoding="UTF-8"?>
<!-- Generated by org.testng.reporters.JUnitReportReporter -->
<testsuite hostname="DESKTOP-5AJBKML" failures="0" tests="2" name="PopularPageTest" time="67.396" errors="0" timestamp="2024-01-02T22:36:10 IST" skipped="0">
  <testcase classname="PopularPageTest" name="checkPopularPageSection" time="28.095"/>
  <testcase classname="PopularPageTest" name="checkPopularPageMovies" time="39.301"/>
</testsuite> <!-- PopularPageTest -->
