<?xml version="1.0" encoding="UTF-8"?>
<!-- Generated by org.testng.reporters.JUnitReportReporter -->
<testsuite hostname="DESKTOP-5AJBKML" failures="0" tests="4" name="HomePageTest" time="84.856" errors="0" timestamp="2024-01-02T22:36:10 IST" skipped="0">
  <testcase classname="HomePageTest" name="checkTheHeadingTexts" time="19.474"/>
  <testcase classname="HomePageTest" name="checkPlayBtn" time="17.502"/>
  <testcase classname="HomePageTest" name="checkMoviesDisplay" time="35.600"/>
  <testcase classname="HomePageTest" name="checkContact" time="12.280"/>
</testsuite> <!-- HomePageTest -->
