<?xml version="1.0" encoding="UTF-8"?>
<!-- Generated by org.testng.reporters.JUnitReportReporter -->
<testsuite hostname="DESKTOP-5AJBKML" failures="0" tests="1" name="SearchPageTest" time="49.902" errors="0" timestamp="2024-01-02T13:00:51 IST" skipped="0">
  <testcase classname="SearchPageTest" name="CheckSearchFunctionality" time="49.902"/>
</testsuite> <!-- SearchPageTest -->
