<?xml version="1.0" encoding="UTF-8"?>
<!-- Generated by org.testng.reporters.JUnitReportReporter -->
<testsuite hostname="DESKTOP-5AJBKML" failures="0" tests="1" name="SearchPageTest" time="46.599" errors="0" timestamp="2024-01-02T22:36:10 IST" skipped="0">
  <testcase classname="SearchPageTest" name="CheckSearchFunctionality" time="46.599"/>
</testsuite> <!-- SearchPageTest -->
