<?xml version="1.0" encoding="UTF-8"?>
<!-- Generated by org.testng.reporters.JUnitReportReporter -->
<testsuite hostname="DESKTOP-5AJBKML" failures="0" tests="2" name="HeaderPageTest" time="40.058" errors="0" timestamp="2024-01-02T22:36:10 IST" skipped="0">
  <testcase classname="HeaderPageTest" name="checkTheLogoElement" time="15.251"/>
  <testcase classname="HeaderPageTest" name="checkTheNavBars" time="24.807"/>
</testsuite> <!-- HeaderPageTest -->
