<?xml version="1.0" encoding="UTF-8"?>
<!-- Generated by org.testng.reporters.JUnitReportReporter -->
<testsuite hostname="DESKTOP-5AJBKML" failures="0" tests="2" name="PopularPageTest" time="68.169" errors="0" timestamp="2024-01-02T13:00:51 IST" skipped="0">
  <testcase classname="PopularPageTest" name="checkPopularPageSection" time="41.017"/>
  <testcase classname="PopularPageTest" name="checkPopularPageMovies" time="27.152"/>
</testsuite> <!-- PopularPageTest -->
