<?xml version="1.0" encoding="UTF-8"?>
<!-- Generated by org.testng.reporters.JUnitReportReporter -->
<testsuite hostname="DESKTOP-5AJBKML" failures="0" tests="4" name="HomePageTest" time="96.214" errors="0" timestamp="2024-01-02T13:00:51 IST" skipped="0">
  <testcase classname="HomePageTest" name="checkTheHeadingTexts" time="16.038"/>
  <testcase classname="HomePageTest" name="checkPlayBtn" time="50.532"/>
  <testcase classname="HomePageTest" name="checkMoviesDisplay" time="13.484"/>
  <testcase classname="HomePageTest" name="checkContact" time="16.160"/>
</testsuite> <!-- HomePageTest -->
