<?xml version="1.0" encoding="UTF-8"?>
<!-- Generated by org.testng.reporters.JUnitReportReporter -->
<testsuite hostname="DESKTOP-5AJBKML" failures="0" tests="2" name="HeaderPageTest" time="39.551" errors="0" timestamp="2024-01-02T13:00:51 IST" skipped="0">
  <testcase classname="HeaderPageTest" name="checkTheLogoElement" time="17.888"/>
  <testcase classname="HeaderPageTest" name="checkTheNavBars" time="21.663"/>
</testsuite> <!-- HeaderPageTest -->
