<?xml version="1.0" encoding="UTF-8"?>
<!-- Generated by org.testng.reporters.JUnitReportReporter -->
<testsuite hostname="DESKTOP-5AJBKML" failures="0" tests="2" name="MovieDetailsTest" time="63.924" errors="0" timestamp="2024-01-02T22:36:10 IST" skipped="0">
  <testcase classname="MovieDetailsTest" name="checkHomePageFuctionalities" time="21.456"/>
  <testcase classname="MovieDetailsTest" name="checkPopularPageFuctionalities" time="42.468"/>
</testsuite> <!-- MovieDetailsTest -->
