<?xml version="1.0" encoding="UTF-8"?>
<!-- Generated by org.testng.reporters.JUnitReportReporter -->
<testsuite hostname="DESKTOP-5AJBKML" failures="0" tests="2" name="MovieDetailsTest" time="76.788" errors="0" timestamp="2024-01-02T13:00:51 IST" skipped="0">
  <testcase classname="MovieDetailsTest" name="checkHomePageFuctionalities" time="19.202"/>
  <testcase classname="MovieDetailsTest" name="checkPopularPageFuctionalities" time="57.586"/>
</testsuite> <!-- MovieDetailsTest -->
