<?xml version="1.0" encoding="UTF-8"?>
<!-- Generated by org.testng.reporters.JUnitReportReporter -->
<testsuite hostname="DESKTOP-5AJBKML" failures="0" tests="1" name="AccountPageTest" time="43.638" errors="0" timestamp="2024-01-02T22:36:10 IST" skipped="0">
  <testcase classname="AccountPageTest" name="checkAccountPage" time="43.638"/>
</testsuite> <!-- AccountPageTest -->
