<?xml version="1.0" encoding="UTF-8"?>
<!-- Generated by org.testng.reporters.JUnitReportReporter -->
<testsuite hostname="DESKTOP-5AJBKML" failures="0" tests="9" name="LoginPageTest" time="119.375" errors="0" timestamp="2024-01-02T13:00:51 IST" skipped="0">
  <testcase classname="LoginPageTest" name="checkLoginButton" time="26.551"/>
  <testcase classname="LoginPageTest" name="checkTheLabelElementTexts" time="6.663"/>
  <testcase classname="LoginPageTest" name="checkTheHeadingText" time="6.191"/>
  <testcase classname="LoginPageTest" name="checkTheLogo" time="30.891"/>
  <testcase classname="LoginPageTest" name="testLoginWithEmptyInputs" time="10.356"/>
  <testcase classname="LoginPageTest" name="testLoginWithEmptyUserName" time="16.176"/>
  <testcase classname="LoginPageTest" name="testLoginWithEmptyPassword" time="6.511"/>
  <testcase classname="LoginPageTest" name="testLoginWithInvalidCredentials" time="7.231"/>
  <testcase classname="LoginPageTest" name="testLoginWithValidCredentials" time="8.805"/>
</testsuite> <!-- LoginPageTest -->
