<?xml version="1.0" encoding="UTF-8"?>
<!-- Generated by org.testng.reporters.JUnitReportReporter -->
<testsuite hostname="DESKTOP-5AJBKML" failures="0" tests="9" name="LoginPageTest" time="117.619" errors="0" timestamp="2024-01-02T22:36:10 IST" skipped="0">
  <testcase classname="LoginPageTest" name="checkTheHeadingText" time="9.739"/>
  <testcase classname="LoginPageTest" name="checkTheLogo" time="10.698"/>
  <testcase classname="LoginPageTest" name="checkLoginButton" time="13.534"/>
  <testcase classname="LoginPageTest" name="checkTheLabelElementTexts" time="31.191"/>
  <testcase classname="LoginPageTest" name="testLoginWithEmptyInputs" time="7.323"/>
  <testcase classname="LoginPageTest" name="testLoginWithEmptyUserName" time="6.577"/>
  <testcase classname="LoginPageTest" name="testLoginWithEmptyPassword" time="7.187"/>
  <testcase classname="LoginPageTest" name="testLoginWithInvalidCredentials" time="17.849"/>
  <testcase classname="LoginPageTest" name="testLoginWithValidCredentials" time="13.521"/>
</testsuite> <!-- LoginPageTest -->
